<?xml version="1.0" encoding="UTF-8"?>
<!-- Generated by org.testng.reporters.JUnitReportReporter -->
<testsuite hostname="Rasheed-PC" name="rough.propertiesclass" tests="1" failures="0" timestamp="16 Nov 2018 15:20:49 GMT" time="0.023" errors="0">
  <testcase name="sampleCodeProperties" time="0.023" classname="rough.propertiesclass"/>
</testsuite> <!-- rough.propertiesclass -->
