<?xml version="1.0" encoding="UTF-8"?>
<!-- Generated by org.testng.reporters.JUnitReportReporter -->
<testsuite hostname="Rasheed-PC" name="rough.TestNgAnnotationsSampleCode" tests="2" failures="0" timestamp="26 Nov 2018 06:33:35 GMT" time="0.025" errors="0">
  <testcase name="f1" time="0.022" classname="rough.TestNgAnnotationsSampleCode"/>
  <testcase name="f2" time="0.003" classname="rough.TestNgAnnotationsSampleCode"/>
</testsuite> <!-- rough.TestNgAnnotationsSampleCode -->
